Analysis & Synthesis report for gpio
Wed Nov 29 21:34:10 2017
Quartus II 64-Bit Version 13.0.0 Build 156 04/24/2013 SJ Web Edition


---------------------
; Table of Contents ;
---------------------
  1. Legal Notice
  2. Analysis & Synthesis Summary
  3. Analysis & Synthesis Settings
  4. Parallel Compilation
  5. Analysis & Synthesis Source Files Read
  6. Analysis & Synthesis Resource Usage Summary
  7. Analysis & Synthesis Resource Utilization by Entity
  8. Analysis & Synthesis RAM Summary
  9. Analysis & Synthesis IP Cores Summary
 10. State Machine - |gpio|fsm:f|control:c0|current_state
 11. Registers Removed During Synthesis
 12. General Register Statistics
 13. Multiplexer Restructuring Statistics (Restructuring Performed)
 14. Source assignments for ram:r|altsyncram:altsyncram_component|altsyncram_ujd1:auto_generated
 15. Source assignments for ram:r_2|altsyncram:altsyncram_component|altsyncram_ujd1:auto_generated
 16. Parameter Settings for User Entity Instance: ram:r|altsyncram:altsyncram_component
 17. Parameter Settings for User Entity Instance: ram:r_2|altsyncram:altsyncram_component
 18. altsyncram Parameter Settings by Entity Instance
 19. Port Connectivity Checks: "hex_decoder:H3"
 20. Port Connectivity Checks: "ram:r_2"
 21. Port Connectivity Checks: "ram:r"
 22. Port Connectivity Checks: "fsm:f|control:c0"
 23. Port Connectivity Checks: "fsm:f|datapath:d0"
 24. Port Connectivity Checks: "fsm:f"
 25. Elapsed Time Per Partition
 26. Analysis & Synthesis Messages
 27. Analysis & Synthesis Suppressed Messages



----------------
; Legal Notice ;
----------------
Copyright (C) 1991-2013 Altera Corporation
Your use of Altera Corporation's design tools, logic functions 
and other software and tools, and its AMPP partner logic 
functions, and any output files from any of the foregoing 
(including device programming or simulation files), and any 
associated documentation or information are expressly subject 
to the terms and conditions of the Altera Program License 
Subscription Agreement, Altera MegaCore Function License 
Agreement, or other applicable license agreement, including, 
without limitation, that your use is for the sole purpose of 
programming logic devices manufactured by Altera and sold by 
Altera or its authorized distributors.  Please refer to the 
applicable agreement for further details.



+---------------------------------------------------------------------------------+
; Analysis & Synthesis Summary                                                    ;
+------------------------------------+--------------------------------------------+
; Analysis & Synthesis Status        ; Successful - Wed Nov 29 21:34:10 2017      ;
; Quartus II 64-Bit Version          ; 13.0.0 Build 156 04/24/2013 SJ Web Edition ;
; Revision Name                      ; gpio                                       ;
; Top-level Entity Name              ; gpio                                       ;
; Family                             ; Cyclone II                                 ;
; Total logic elements               ; 271                                        ;
;     Total combinational functions  ; 271                                        ;
;     Dedicated logic registers      ; 91                                         ;
; Total registers                    ; 91                                         ;
; Total pins                         ; 126                                        ;
; Total virtual pins                 ; 0                                          ;
; Total memory bits                  ; 2,176                                      ;
; Embedded Multiplier 9-bit elements ; 0                                          ;
; Total PLLs                         ; 0                                          ;
+------------------------------------+--------------------------------------------+


+----------------------------------------------------------------------------------------------------------------------+
; Analysis & Synthesis Settings                                                                                        ;
+----------------------------------------------------------------------------+--------------------+--------------------+
; Option                                                                     ; Setting            ; Default Value      ;
+----------------------------------------------------------------------------+--------------------+--------------------+
; Device                                                                     ; EP2C35F672C6       ;                    ;
; Top-level entity name                                                      ; gpio               ; gpio               ;
; Family name                                                                ; Cyclone II         ; Cyclone V          ;
; Use smart compilation                                                      ; Off                ; Off                ;
; Enable parallel Assembler and TimeQuest Timing Analyzer during compilation ; On                 ; On                 ;
; Enable compact report table                                                ; Off                ; Off                ;
; Restructure Multiplexers                                                   ; Auto               ; Auto               ;
; Create Debugging Nodes for IP Cores                                        ; Off                ; Off                ;
; Preserve fewer node names                                                  ; On                 ; On                 ;
; Disable OpenCore Plus hardware evaluation                                  ; Off                ; Off                ;
; Verilog Version                                                            ; Verilog_2001       ; Verilog_2001       ;
; VHDL Version                                                               ; VHDL_1993          ; VHDL_1993          ;
; State Machine Processing                                                   ; Auto               ; Auto               ;
; Safe State Machine                                                         ; Off                ; Off                ;
; Extract Verilog State Machines                                             ; On                 ; On                 ;
; Extract VHDL State Machines                                                ; On                 ; On                 ;
; Ignore Verilog initial constructs                                          ; Off                ; Off                ;
; Iteration limit for constant Verilog loops                                 ; 5000               ; 5000               ;
; Iteration limit for non-constant Verilog loops                             ; 250                ; 250                ;
; Add Pass-Through Logic to Inferred RAMs                                    ; On                 ; On                 ;
; Infer RAMs from Raw Logic                                                  ; On                 ; On                 ;
; Parallel Synthesis                                                         ; On                 ; On                 ;
; DSP Block Balancing                                                        ; Auto               ; Auto               ;
; NOT Gate Push-Back                                                         ; On                 ; On                 ;
; Power-Up Don't Care                                                        ; On                 ; On                 ;
; Remove Redundant Logic Cells                                               ; Off                ; Off                ;
; Remove Duplicate Registers                                                 ; On                 ; On                 ;
; Ignore CARRY Buffers                                                       ; Off                ; Off                ;
; Ignore CASCADE Buffers                                                     ; Off                ; Off                ;
; Ignore GLOBAL Buffers                                                      ; Off                ; Off                ;
; Ignore ROW GLOBAL Buffers                                                  ; Off                ; Off                ;
; Ignore LCELL Buffers                                                       ; Off                ; Off                ;
; Ignore SOFT Buffers                                                        ; On                 ; On                 ;
; Limit AHDL Integers to 32 Bits                                             ; Off                ; Off                ;
; Optimization Technique                                                     ; Balanced           ; Balanced           ;
; Carry Chain Length                                                         ; 70                 ; 70                 ;
; Auto Carry Chains                                                          ; On                 ; On                 ;
; Auto Open-Drain Pins                                                       ; On                 ; On                 ;
; Perform WYSIWYG Primitive Resynthesis                                      ; Off                ; Off                ;
; Auto ROM Replacement                                                       ; On                 ; On                 ;
; Auto RAM Replacement                                                       ; On                 ; On                 ;
; Auto Shift Register Replacement                                            ; Auto               ; Auto               ;
; Allow Shift Register Merging across Hierarchies                            ; Auto               ; Auto               ;
; Auto Clock Enable Replacement                                              ; On                 ; On                 ;
; Strict RAM Replacement                                                     ; Off                ; Off                ;
; Allow Synchronous Control Signals                                          ; On                 ; On                 ;
; Force Use of Synchronous Clear Signals                                     ; Off                ; Off                ;
; Auto RAM to Logic Cell Conversion                                          ; Off                ; Off                ;
; Auto Resource Sharing                                                      ; Off                ; Off                ;
; Allow Any RAM Size For Recognition                                         ; Off                ; Off                ;
; Allow Any ROM Size For Recognition                                         ; Off                ; Off                ;
; Allow Any Shift Register Size For Recognition                              ; Off                ; Off                ;
; Use LogicLock Constraints during Resource Balancing                        ; On                 ; On                 ;
; Ignore translate_off and synthesis_off directives                          ; Off                ; Off                ;
; Timing-Driven Synthesis                                                    ; Off                ; Off                ;
; Report Parameter Settings                                                  ; On                 ; On                 ;
; Report Source Assignments                                                  ; On                 ; On                 ;
; Report Connectivity Checks                                                 ; On                 ; On                 ;
; Ignore Maximum Fan-Out Assignments                                         ; Off                ; Off                ;
; Synchronization Register Chain Length                                      ; 2                  ; 2                  ;
; PowerPlay Power Optimization                                               ; Normal compilation ; Normal compilation ;
; HDL message level                                                          ; Level2             ; Level2             ;
; Suppress Register Optimization Related Messages                            ; Off                ; Off                ;
; Number of Removed Registers Reported in Synthesis Report                   ; 5000               ; 5000               ;
; Number of Swept Nodes Reported in Synthesis Report                         ; 5000               ; 5000               ;
; Number of Inverted Registers Reported in Synthesis Report                  ; 100                ; 100                ;
; Clock MUX Protection                                                       ; On                 ; On                 ;
; Auto Gated Clock Conversion                                                ; Off                ; Off                ;
; Block Design Naming                                                        ; Auto               ; Auto               ;
; SDC constraint protection                                                  ; Off                ; Off                ;
; Synthesis Effort                                                           ; Auto               ; Auto               ;
; Shift Register Replacement - Allow Asynchronous Clear Signal               ; On                 ; On                 ;
; Pre-Mapping Resynthesis Optimization                                       ; Off                ; Off                ;
; Analysis & Synthesis Message Level                                         ; Medium             ; Medium             ;
; Disable Register Merging Across Hierarchies                                ; Auto               ; Auto               ;
; Resource Aware Inference For Block RAM                                     ; On                 ; On                 ;
; Synthesis Seed                                                             ; 1                  ; 1                  ;
+----------------------------------------------------------------------------+--------------------+--------------------+


Parallel compilation was disabled, but you have multiple processors available. Enable parallel compilation to reduce compilation time.
+-------------------------------------+
; Parallel Compilation                ;
+----------------------------+--------+
; Processors                 ; Number ;
+----------------------------+--------+
; Number detected on machine ; 4      ;
; Maximum allowed            ; 1      ;
+----------------------------+--------+


+--------------------------------------------------------------------------------------------------------------------------------------------------------------------------------------------------------------------------------------------------------------------------------+
; Analysis & Synthesis Source Files Read                                                                                                                                                                                                                                         ;
+----------------------------------+-----------------+------------------------------+----------------------------------------------------------------------------------------------------------------------------------------------------------------------------------+---------+
; File Name with User-Entered Path ; Used in Netlist ; File Type                    ; File Name with Absolute Path                                                                                                                                                     ; Library ;
+----------------------------------+-----------------+------------------------------+----------------------------------------------------------------------------------------------------------------------------------------------------------------------------------+---------+
; fsm.v                            ; yes             ; User Verilog HDL File        ; C:/Users/dell/Documents/CSC258/cyclone2/Connet4-BiColor-Led-Matrix-FPGA-b49b7a32b25648afd2df55e13026f13d705f79f4-b49b7a32b25648afd2df55e13026f13d705f79f4/fsm.v                  ;         ;
; datapath.v                       ; yes             ; User Verilog HDL File        ; C:/Users/dell/Documents/CSC258/cyclone2/Connet4-BiColor-Led-Matrix-FPGA-b49b7a32b25648afd2df55e13026f13d705f79f4-b49b7a32b25648afd2df55e13026f13d705f79f4/datapath.v             ;         ;
; control.v                        ; yes             ; User Verilog HDL File        ; C:/Users/dell/Documents/CSC258/cyclone2/Connet4-BiColor-Led-Matrix-FPGA-b49b7a32b25648afd2df55e13026f13d705f79f4-b49b7a32b25648afd2df55e13026f13d705f79f4/control.v              ;         ;
; gpio.v                           ; yes             ; User Verilog HDL File        ; C:/Users/dell/Documents/CSC258/cyclone2/Connet4-BiColor-Led-Matrix-FPGA-b49b7a32b25648afd2df55e13026f13d705f79f4-b49b7a32b25648afd2df55e13026f13d705f79f4/gpio.v                 ;         ;
; ram.v                            ; yes             ; User Wizard-Generated File   ; C:/Users/dell/Documents/CSC258/cyclone2/Connet4-BiColor-Led-Matrix-FPGA-b49b7a32b25648afd2df55e13026f13d705f79f4-b49b7a32b25648afd2df55e13026f13d705f79f4/ram.v                  ;         ;
; altsyncram.tdf                   ; yes             ; Megafunction                 ; c:/altera/13.0/quartus/libraries/megafunctions/altsyncram.tdf                                                                                                                    ;         ;
; stratix_ram_block.inc            ; yes             ; Megafunction                 ; c:/altera/13.0/quartus/libraries/megafunctions/stratix_ram_block.inc                                                                                                             ;         ;
; lpm_mux.inc                      ; yes             ; Megafunction                 ; c:/altera/13.0/quartus/libraries/megafunctions/lpm_mux.inc                                                                                                                       ;         ;
; lpm_decode.inc                   ; yes             ; Megafunction                 ; c:/altera/13.0/quartus/libraries/megafunctions/lpm_decode.inc                                                                                                                    ;         ;
; aglobal130.inc                   ; yes             ; Megafunction                 ; c:/altera/13.0/quartus/libraries/megafunctions/aglobal130.inc                                                                                                                    ;         ;
; a_rdenreg.inc                    ; yes             ; Megafunction                 ; c:/altera/13.0/quartus/libraries/megafunctions/a_rdenreg.inc                                                                                                                     ;         ;
; altrom.inc                       ; yes             ; Megafunction                 ; c:/altera/13.0/quartus/libraries/megafunctions/altrom.inc                                                                                                                        ;         ;
; altram.inc                       ; yes             ; Megafunction                 ; c:/altera/13.0/quartus/libraries/megafunctions/altram.inc                                                                                                                        ;         ;
; altdpram.inc                     ; yes             ; Megafunction                 ; c:/altera/13.0/quartus/libraries/megafunctions/altdpram.inc                                                                                                                      ;         ;
; db/altsyncram_ujd1.tdf           ; yes             ; Auto-Generated Megafunction  ; C:/Users/dell/Documents/CSC258/cyclone2/Connet4-BiColor-Led-Matrix-FPGA-b49b7a32b25648afd2df55e13026f13d705f79f4-b49b7a32b25648afd2df55e13026f13d705f79f4/db/altsyncram_ujd1.tdf ;         ;
+----------------------------------+-----------------+------------------------------+----------------------------------------------------------------------------------------------------------------------------------------------------------------------------------+---------+


+--------------------------------------------------------+
; Analysis & Synthesis Resource Usage Summary            ;
+---------------------------------------------+----------+
; Resource                                    ; Usage    ;
+---------------------------------------------+----------+
; Estimated Total logic elements              ; 271      ;
;                                             ;          ;
; Total combinational functions               ; 271      ;
; Logic element usage by number of LUT inputs ;          ;
;     -- 4 input functions                    ; 133      ;
;     -- 3 input functions                    ; 51       ;
;     -- <=2 input functions                  ; 87       ;
;                                             ;          ;
; Logic elements by mode                      ;          ;
;     -- normal mode                          ; 238      ;
;     -- arithmetic mode                      ; 33       ;
;                                             ;          ;
; Total registers                             ; 91       ;
;     -- Dedicated logic registers            ; 91       ;
;     -- I/O registers                        ; 0        ;
;                                             ;          ;
; I/O pins                                    ; 126      ;
; Total memory bits                           ; 2176     ;
; Embedded Multiplier 9-bit elements          ; 0        ;
; Maximum fan-out node                        ; CLOCK_50 ;
; Maximum fan-out                             ; 84       ;
; Total fan-out                               ; 1510     ;
; Average fan-out                             ; 2.89     ;
+---------------------------------------------+----------+


+-----------------------------------------------------------------------------------------------------------------------------------------------------------------------------------------------------------------------------------------------------+
; Analysis & Synthesis Resource Utilization by Entity                                                                                                                                                                                                 ;
+-------------------------------------------+-------------------+--------------+-------------+--------------+---------+-----------+------+--------------+------------------------------------------------------------------------------+--------------+
; Compilation Hierarchy Node                ; LC Combinationals ; LC Registers ; Memory Bits ; DSP Elements ; DSP 9x9 ; DSP 18x18 ; Pins ; Virtual Pins ; Full Hierarchy Name                                                          ; Library Name ;
+-------------------------------------------+-------------------+--------------+-------------+--------------+---------+-----------+------+--------------+------------------------------------------------------------------------------+--------------+
; |gpio                                     ; 271 (80)          ; 91 (36)      ; 2176        ; 0            ; 0       ; 0         ; 126  ; 0            ; |gpio                                                                        ;              ;
;    |fsm:f|                                ; 163 (0)           ; 55 (0)       ; 0           ; 0            ; 0       ; 0         ; 0    ; 0            ; |gpio|fsm:f                                                                  ;              ;
;       |control:c0|                        ; 10 (10)           ; 6 (6)        ; 0           ; 0            ; 0       ; 0         ; 0    ; 0            ; |gpio|fsm:f|control:c0                                                       ;              ;
;       |datapath:d0|                       ; 153 (153)         ; 49 (49)      ; 0           ; 0            ; 0       ; 0         ; 0    ; 0            ; |gpio|fsm:f|datapath:d0                                                      ;              ;
;    |hex_decoder:H0|                       ; 7 (7)             ; 0 (0)        ; 0           ; 0            ; 0       ; 0         ; 0    ; 0            ; |gpio|hex_decoder:H0                                                         ;              ;
;    |hex_decoder:H1|                       ; 7 (7)             ; 0 (0)        ; 0           ; 0            ; 0       ; 0         ; 0    ; 0            ; |gpio|hex_decoder:H1                                                         ;              ;
;    |hex_decoder:H2|                       ; 7 (7)             ; 0 (0)        ; 0           ; 0            ; 0       ; 0         ; 0    ; 0            ; |gpio|hex_decoder:H2                                                         ;              ;
;    |hex_decoder:H3|                       ; 7 (7)             ; 0 (0)        ; 0           ; 0            ; 0       ; 0         ; 0    ; 0            ; |gpio|hex_decoder:H3                                                         ;              ;
;    |ram:r_2|                              ; 0 (0)             ; 0 (0)        ; 1024        ; 0            ; 0       ; 0         ; 0    ; 0            ; |gpio|ram:r_2                                                                ;              ;
;       |altsyncram:altsyncram_component|   ; 0 (0)             ; 0 (0)        ; 1024        ; 0            ; 0       ; 0         ; 0    ; 0            ; |gpio|ram:r_2|altsyncram:altsyncram_component                                ;              ;
;          |altsyncram_ujd1:auto_generated| ; 0 (0)             ; 0 (0)        ; 1024        ; 0            ; 0       ; 0         ; 0    ; 0            ; |gpio|ram:r_2|altsyncram:altsyncram_component|altsyncram_ujd1:auto_generated ;              ;
;    |ram:r|                                ; 0 (0)             ; 0 (0)        ; 1152        ; 0            ; 0       ; 0         ; 0    ; 0            ; |gpio|ram:r                                                                  ;              ;
;       |altsyncram:altsyncram_component|   ; 0 (0)             ; 0 (0)        ; 1152        ; 0            ; 0       ; 0         ; 0    ; 0            ; |gpio|ram:r|altsyncram:altsyncram_component                                  ;              ;
;          |altsyncram_ujd1:auto_generated| ; 0 (0)             ; 0 (0)        ; 1152        ; 0            ; 0       ; 0         ; 0    ; 0            ; |gpio|ram:r|altsyncram:altsyncram_component|altsyncram_ujd1:auto_generated   ;              ;
+-------------------------------------------+-------------------+--------------+-------------+--------------+---------+-----------+------+--------------+------------------------------------------------------------------------------+--------------+
Note: For table entries with two numbers listed, the numbers in parentheses indicate the number of resources of the given type used by the specific entity alone. The numbers listed outside of parentheses indicate the total resources of the given type used by the specific entity and all of its sub-entities in the hierarchy.


+----------------------------------------------------------------------------------------------------------------------------------------------------------------------------------+
; Analysis & Synthesis RAM Summary                                                                                                                                                 ;
+-----------------------------------------------------------------------------------+------+-------------+--------------+--------------+--------------+--------------+------+------+
; Name                                                                              ; Type ; Mode        ; Port A Depth ; Port A Width ; Port B Depth ; Port B Width ; Size ; MIF  ;
+-----------------------------------------------------------------------------------+------+-------------+--------------+--------------+--------------+--------------+------+------+
; ram:r_2|altsyncram:altsyncram_component|altsyncram_ujd1:auto_generated|ALTSYNCRAM ; AUTO ; Single Port ; 64           ; 19           ; --           ; --           ; 1216 ; None ;
; ram:r|altsyncram:altsyncram_component|altsyncram_ujd1:auto_generated|ALTSYNCRAM   ; AUTO ; Single Port ; 64           ; 19           ; --           ; --           ; 1216 ; None ;
+-----------------------------------------------------------------------------------+------+-------------+--------------+--------------+--------------+--------------+------+------+


+---------------------------------------------------------------------------------------------------------------------------------------------------------------------------------------------------------------------------------------------------+
; Analysis & Synthesis IP Cores Summary                                                                                                                                                                                                             ;
+--------+--------------+---------+--------------+--------------+-----------------+-----------------------------------------------------------------------------------------------------------------------------------------------------------------+
; Vendor ; IP Core Name ; Version ; Release Date ; License Type ; Entity Instance ; IP Include File                                                                                                                                                 ;
+--------+--------------+---------+--------------+--------------+-----------------+-----------------------------------------------------------------------------------------------------------------------------------------------------------------+
; Altera ; RAM: 1-PORT  ; 13.0    ; N/A          ; N/A          ; |gpio|ram:r     ; C:/Users/dell/Documents/CSC258/cyclone2/Connet4-BiColor-Led-Matrix-FPGA-b49b7a32b25648afd2df55e13026f13d705f79f4-b49b7a32b25648afd2df55e13026f13d705f79f4/ram.v ;
; Altera ; RAM: 1-PORT  ; 13.0    ; N/A          ; N/A          ; |gpio|ram:r_2   ; C:/Users/dell/Documents/CSC258/cyclone2/Connet4-BiColor-Led-Matrix-FPGA-b49b7a32b25648afd2df55e13026f13d705f79f4-b49b7a32b25648afd2df55e13026f13d705f79f4/ram.v ;
+--------+--------------+---------+--------------+--------------+-----------------+-----------------------------------------------------------------------------------------------------------------------------------------------------------------+


Encoding Type:  One-Hot
+--------------------------------------------------------------------------------------------------------------------------------------------------------------------------------------------------------------------------------+
; State Machine - |gpio|fsm:f|control:c0|current_state                                                                                                                                                                           ;
+------------------------------------+------------------------+------------------------------------+-------------------------------+------------------------+------------------------------------+-------------------------------+
; Name                               ; current_state.S_DRAW_2 ; current_state.S_LOAD_COLUMN_WAIT_2 ; current_state.S_LOAD_COLUMN_2 ; current_state.S_DRAW_1 ; current_state.S_LOAD_COLUMN_WAIT_1 ; current_state.S_LOAD_COLUMN_1 ;
+------------------------------------+------------------------+------------------------------------+-------------------------------+------------------------+------------------------------------+-------------------------------+
; current_state.S_LOAD_COLUMN_1      ; 0                      ; 0                                  ; 0                             ; 0                      ; 0                                  ; 0                             ;
; current_state.S_LOAD_COLUMN_WAIT_1 ; 0                      ; 0                                  ; 0                             ; 0                      ; 1                                  ; 1                             ;
; current_state.S_DRAW_1             ; 0                      ; 0                                  ; 0                             ; 1                      ; 0                                  ; 1                             ;
; current_state.S_LOAD_COLUMN_2      ; 0                      ; 0                                  ; 1                             ; 0                      ; 0                                  ; 1                             ;
; current_state.S_LOAD_COLUMN_WAIT_2 ; 0                      ; 1                                  ; 0                             ; 0                      ; 0                                  ; 1                             ;
; current_state.S_DRAW_2             ; 1                      ; 0                                  ; 0                             ; 0                      ; 0                                  ; 1                             ;
+------------------------------------+------------------------+------------------------------------+-------------------------------+------------------------+------------------------------------+-------------------------------+


+---------------------------------------------------------------------------------+
; Registers Removed During Synthesis                                              ;
+----------------------------------------+----------------------------------------+
; Register name                          ; Reason for Removal                     ;
+----------------------------------------+----------------------------------------+
; fsm:f|datapath:d0|col_seven[0..2]      ; Stuck at VCC due to stuck port data_in ;
; fsm:f|datapath:d0|col_six[0]           ; Stuck at GND due to stuck port data_in ;
; fsm:f|datapath:d0|col_six[1,2]         ; Stuck at VCC due to stuck port data_in ;
; fsm:f|datapath:d0|col_five[0]          ; Stuck at VCC due to stuck port data_in ;
; fsm:f|datapath:d0|col_five[1]          ; Stuck at GND due to stuck port data_in ;
; fsm:f|datapath:d0|col_five[2]          ; Stuck at VCC due to stuck port data_in ;
; fsm:f|datapath:d0|col_four[0,1]        ; Stuck at GND due to stuck port data_in ;
; fsm:f|datapath:d0|col_four[2]          ; Stuck at VCC due to stuck port data_in ;
; fsm:f|datapath:d0|col_three[0,1]       ; Stuck at VCC due to stuck port data_in ;
; fsm:f|datapath:d0|col_three[2]         ; Stuck at GND due to stuck port data_in ;
; fsm:f|datapath:d0|col_two[0]           ; Stuck at GND due to stuck port data_in ;
; fsm:f|datapath:d0|col_two[1]           ; Stuck at VCC due to stuck port data_in ;
; fsm:f|datapath:d0|col_two[2]           ; Stuck at GND due to stuck port data_in ;
; fsm:f|datapath:d0|col_one[0]           ; Stuck at VCC due to stuck port data_in ;
; fsm:f|datapath:d0|col_one[1,2]         ; Stuck at GND due to stuck port data_in ;
; fsm:f|datapath:d0|col_zero[0..2]       ; Stuck at GND due to stuck port data_in ;
; fsm:f|control:c0|current_state~2       ; Lost fanout                            ;
; fsm:f|control:c0|current_state~3       ; Lost fanout                            ;
; fsm:f|control:c0|current_state~4       ; Lost fanout                            ;
; Total Number of Removed Registers = 27 ;                                        ;
+----------------------------------------+----------------------------------------+


+------------------------------------------------------+
; General Register Statistics                          ;
+----------------------------------------------+-------+
; Statistic                                    ; Value ;
+----------------------------------------------+-------+
; Total registers                              ; 91    ;
; Number of registers using Synchronous Clear  ; 70    ;
; Number of registers using Synchronous Load   ; 2     ;
; Number of registers using Asynchronous Clear ; 0     ;
; Number of registers using Asynchronous Load  ; 0     ;
; Number of registers using Clock Enable       ; 46    ;
; Number of registers using Preset             ; 0     ;
+----------------------------------------------+-------+


+----------------------------------------------------------------------------------------------------------------------------------------------------+
; Multiplexer Restructuring Statistics (Restructuring Performed)                                                                                     ;
+--------------------+-----------+---------------+----------------------+------------------------+------------+--------------------------------------+
; Multiplexer Inputs ; Bus Width ; Baseline Area ; Area if Restructured ; Saving if Restructured ; Registered ; Example Multiplexer Output           ;
+--------------------+-----------+---------------+----------------------+------------------------+------------+--------------------------------------+
; 3:1                ; 7 bits    ; 14 LEs        ; 7 LEs                ; 7 LEs                  ; Yes        ; |gpio|address[2]                     ;
; 3:1                ; 28 bits   ; 56 LEs        ; 28 LEs               ; 28 LEs                 ; Yes        ; |gpio|Main_C[2]                      ;
; 5:1                ; 4 bits    ; 12 LEs        ; 4 LEs                ; 8 LEs                  ; Yes        ; |gpio|fsm:f|datapath:d0|col_seven[6] ;
; 5:1                ; 4 bits    ; 12 LEs        ; 4 LEs                ; 8 LEs                  ; Yes        ; |gpio|fsm:f|datapath:d0|col_six[3]   ;
; 5:1                ; 4 bits    ; 12 LEs        ; 4 LEs                ; 8 LEs                  ; Yes        ; |gpio|fsm:f|datapath:d0|col_five[6]  ;
; 5:1                ; 4 bits    ; 12 LEs        ; 4 LEs                ; 8 LEs                  ; Yes        ; |gpio|fsm:f|datapath:d0|col_four[3]  ;
; 5:1                ; 4 bits    ; 12 LEs        ; 4 LEs                ; 8 LEs                  ; Yes        ; |gpio|fsm:f|datapath:d0|col_three[6] ;
; 5:1                ; 4 bits    ; 12 LEs        ; 4 LEs                ; 8 LEs                  ; Yes        ; |gpio|fsm:f|datapath:d0|col_two[5]   ;
; 5:1                ; 4 bits    ; 12 LEs        ; 4 LEs                ; 8 LEs                  ; Yes        ; |gpio|fsm:f|datapath:d0|col_one[6]   ;
; 5:1                ; 4 bits    ; 12 LEs        ; 4 LEs                ; 8 LEs                  ; Yes        ; |gpio|fsm:f|datapath:d0|col_zero[6]  ;
; 258:1              ; 3 bits    ; 516 LEs       ; 18 LEs               ; 498 LEs                ; Yes        ; |gpio|fsm:f|datapath:d0|col_out[2]   ;
; 258:1              ; 4 bits    ; 688 LEs       ; 24 LEs               ; 664 LEs                ; Yes        ; |gpio|fsm:f|datapath:d0|col_out[4]   ;
; 266:1              ; 8 bits    ; 1416 LEs      ; 48 LEs               ; 1368 LEs               ; Yes        ; |gpio|fsm:f|datapath:d0|col_store[6] ;
; 3:1                ; 2 bits    ; 4 LEs         ; 2 LEs                ; 2 LEs                  ; No         ; |gpio|data_in[1]                     ;
+--------------------+-----------+---------------+----------------------+------------------------+------------+--------------------------------------+


+---------------------------------------------------------------------------------------------+
; Source assignments for ram:r|altsyncram:altsyncram_component|altsyncram_ujd1:auto_generated ;
+---------------------------------+--------------------+------+-------------------------------+
; Assignment                      ; Value              ; From ; To                            ;
+---------------------------------+--------------------+------+-------------------------------+
; OPTIMIZE_POWER_DURING_SYNTHESIS ; NORMAL_COMPILATION ; -    ; -                             ;
+---------------------------------+--------------------+------+-------------------------------+


+-----------------------------------------------------------------------------------------------+
; Source assignments for ram:r_2|altsyncram:altsyncram_component|altsyncram_ujd1:auto_generated ;
+---------------------------------+--------------------+------+---------------------------------+
; Assignment                      ; Value              ; From ; To                              ;
+---------------------------------+--------------------+------+---------------------------------+
; OPTIMIZE_POWER_DURING_SYNTHESIS ; NORMAL_COMPILATION ; -    ; -                               ;
+---------------------------------+--------------------+------+---------------------------------+


+------------------------------------------------------------------------------------+
; Parameter Settings for User Entity Instance: ram:r|altsyncram:altsyncram_component ;
+------------------------------------+----------------------+------------------------+
; Parameter Name                     ; Value                ; Type                   ;
+------------------------------------+----------------------+------------------------+
; BYTE_SIZE_BLOCK                    ; 8                    ; Untyped                ;
; AUTO_CARRY_CHAINS                  ; ON                   ; AUTO_CARRY             ;
; IGNORE_CARRY_BUFFERS               ; OFF                  ; IGNORE_CARRY           ;
; AUTO_CASCADE_CHAINS                ; ON                   ; AUTO_CASCADE           ;
; IGNORE_CASCADE_BUFFERS             ; OFF                  ; IGNORE_CASCADE         ;
; WIDTH_BYTEENA                      ; 1                    ; Untyped                ;
; OPERATION_MODE                     ; SINGLE_PORT          ; Untyped                ;
; WIDTH_A                            ; 19                   ; Signed Integer         ;
; WIDTHAD_A                          ; 6                    ; Signed Integer         ;
; NUMWORDS_A                         ; 64                   ; Signed Integer         ;
; OUTDATA_REG_A                      ; UNREGISTERED         ; Untyped                ;
; ADDRESS_ACLR_A                     ; NONE                 ; Untyped                ;
; OUTDATA_ACLR_A                     ; NONE                 ; Untyped                ;
; WRCONTROL_ACLR_A                   ; NONE                 ; Untyped                ;
; INDATA_ACLR_A                      ; NONE                 ; Untyped                ;
; BYTEENA_ACLR_A                     ; NONE                 ; Untyped                ;
; WIDTH_B                            ; 1                    ; Untyped                ;
; WIDTHAD_B                          ; 1                    ; Untyped                ;
; NUMWORDS_B                         ; 1                    ; Untyped                ;
; INDATA_REG_B                       ; CLOCK1               ; Untyped                ;
; WRCONTROL_WRADDRESS_REG_B          ; CLOCK1               ; Untyped                ;
; RDCONTROL_REG_B                    ; CLOCK1               ; Untyped                ;
; ADDRESS_REG_B                      ; CLOCK1               ; Untyped                ;
; OUTDATA_REG_B                      ; UNREGISTERED         ; Untyped                ;
; BYTEENA_REG_B                      ; CLOCK1               ; Untyped                ;
; INDATA_ACLR_B                      ; NONE                 ; Untyped                ;
; WRCONTROL_ACLR_B                   ; NONE                 ; Untyped                ;
; ADDRESS_ACLR_B                     ; NONE                 ; Untyped                ;
; OUTDATA_ACLR_B                     ; NONE                 ; Untyped                ;
; RDCONTROL_ACLR_B                   ; NONE                 ; Untyped                ;
; BYTEENA_ACLR_B                     ; NONE                 ; Untyped                ;
; WIDTH_BYTEENA_A                    ; 1                    ; Signed Integer         ;
; WIDTH_BYTEENA_B                    ; 1                    ; Untyped                ;
; RAM_BLOCK_TYPE                     ; AUTO                 ; Untyped                ;
; BYTE_SIZE                          ; 8                    ; Untyped                ;
; READ_DURING_WRITE_MODE_MIXED_PORTS ; DONT_CARE            ; Untyped                ;
; READ_DURING_WRITE_MODE_PORT_A      ; NEW_DATA_NO_NBE_READ ; Untyped                ;
; READ_DURING_WRITE_MODE_PORT_B      ; NEW_DATA_NO_NBE_READ ; Untyped                ;
; INIT_FILE                          ; ../gpio/bicolor.mif  ; Untyped                ;
; INIT_FILE_LAYOUT                   ; PORT_A               ; Untyped                ;
; MAXIMUM_DEPTH                      ; 0                    ; Untyped                ;
; CLOCK_ENABLE_INPUT_A               ; BYPASS               ; Untyped                ;
; CLOCK_ENABLE_INPUT_B               ; NORMAL               ; Untyped                ;
; CLOCK_ENABLE_OUTPUT_A              ; BYPASS               ; Untyped                ;
; CLOCK_ENABLE_OUTPUT_B              ; NORMAL               ; Untyped                ;
; CLOCK_ENABLE_CORE_A                ; USE_INPUT_CLKEN      ; Untyped                ;
; CLOCK_ENABLE_CORE_B                ; USE_INPUT_CLKEN      ; Untyped                ;
; ENABLE_ECC                         ; FALSE                ; Untyped                ;
; ECC_PIPELINE_STAGE_ENABLED         ; FALSE                ; Untyped                ;
; WIDTH_ECCSTATUS                    ; 3                    ; Untyped                ;
; DEVICE_FAMILY                      ; Cyclone II           ; Untyped                ;
; CBXI_PARAMETER                     ; altsyncram_ujd1      ; Untyped                ;
+------------------------------------+----------------------+------------------------+
Note: In order to hide this table in the UI and the text report file, please set the "Show Parameter Settings in Synthesis Report" option in "Analysis and Synthesis Settings -> More Settings" to "Off".


+--------------------------------------------------------------------------------------+
; Parameter Settings for User Entity Instance: ram:r_2|altsyncram:altsyncram_component ;
+------------------------------------+----------------------+--------------------------+
; Parameter Name                     ; Value                ; Type                     ;
+------------------------------------+----------------------+--------------------------+
; BYTE_SIZE_BLOCK                    ; 8                    ; Untyped                  ;
; AUTO_CARRY_CHAINS                  ; ON                   ; AUTO_CARRY               ;
; IGNORE_CARRY_BUFFERS               ; OFF                  ; IGNORE_CARRY             ;
; AUTO_CASCADE_CHAINS                ; ON                   ; AUTO_CASCADE             ;
; IGNORE_CASCADE_BUFFERS             ; OFF                  ; IGNORE_CASCADE           ;
; WIDTH_BYTEENA                      ; 1                    ; Untyped                  ;
; OPERATION_MODE                     ; SINGLE_PORT          ; Untyped                  ;
; WIDTH_A                            ; 19                   ; Signed Integer           ;
; WIDTHAD_A                          ; 6                    ; Signed Integer           ;
; NUMWORDS_A                         ; 64                   ; Signed Integer           ;
; OUTDATA_REG_A                      ; UNREGISTERED         ; Untyped                  ;
; ADDRESS_ACLR_A                     ; NONE                 ; Untyped                  ;
; OUTDATA_ACLR_A                     ; NONE                 ; Untyped                  ;
; WRCONTROL_ACLR_A                   ; NONE                 ; Untyped                  ;
; INDATA_ACLR_A                      ; NONE                 ; Untyped                  ;
; BYTEENA_ACLR_A                     ; NONE                 ; Untyped                  ;
; WIDTH_B                            ; 1                    ; Untyped                  ;
; WIDTHAD_B                          ; 1                    ; Untyped                  ;
; NUMWORDS_B                         ; 1                    ; Untyped                  ;
; INDATA_REG_B                       ; CLOCK1               ; Untyped                  ;
; WRCONTROL_WRADDRESS_REG_B          ; CLOCK1               ; Untyped                  ;
; RDCONTROL_REG_B                    ; CLOCK1               ; Untyped                  ;
; ADDRESS_REG_B                      ; CLOCK1               ; Untyped                  ;
; OUTDATA_REG_B                      ; UNREGISTERED         ; Untyped                  ;
; BYTEENA_REG_B                      ; CLOCK1               ; Untyped                  ;
; INDATA_ACLR_B                      ; NONE                 ; Untyped                  ;
; WRCONTROL_ACLR_B                   ; NONE                 ; Untyped                  ;
; ADDRESS_ACLR_B                     ; NONE                 ; Untyped                  ;
; OUTDATA_ACLR_B                     ; NONE                 ; Untyped                  ;
; RDCONTROL_ACLR_B                   ; NONE                 ; Untyped                  ;
; BYTEENA_ACLR_B                     ; NONE                 ; Untyped                  ;
; WIDTH_BYTEENA_A                    ; 1                    ; Signed Integer           ;
; WIDTH_BYTEENA_B                    ; 1                    ; Untyped                  ;
; RAM_BLOCK_TYPE                     ; AUTO                 ; Untyped                  ;
; BYTE_SIZE                          ; 8                    ; Untyped                  ;
; READ_DURING_WRITE_MODE_MIXED_PORTS ; DONT_CARE            ; Untyped                  ;
; READ_DURING_WRITE_MODE_PORT_A      ; NEW_DATA_NO_NBE_READ ; Untyped                  ;
; READ_DURING_WRITE_MODE_PORT_B      ; NEW_DATA_NO_NBE_READ ; Untyped                  ;
; INIT_FILE                          ; ../gpio/bicolor.mif  ; Untyped                  ;
; INIT_FILE_LAYOUT                   ; PORT_A               ; Untyped                  ;
; MAXIMUM_DEPTH                      ; 0                    ; Untyped                  ;
; CLOCK_ENABLE_INPUT_A               ; BYPASS               ; Untyped                  ;
; CLOCK_ENABLE_INPUT_B               ; NORMAL               ; Untyped                  ;
; CLOCK_ENABLE_OUTPUT_A              ; BYPASS               ; Untyped                  ;
; CLOCK_ENABLE_OUTPUT_B              ; NORMAL               ; Untyped                  ;
; CLOCK_ENABLE_CORE_A                ; USE_INPUT_CLKEN      ; Untyped                  ;
; CLOCK_ENABLE_CORE_B                ; USE_INPUT_CLKEN      ; Untyped                  ;
; ENABLE_ECC                         ; FALSE                ; Untyped                  ;
; ECC_PIPELINE_STAGE_ENABLED         ; FALSE                ; Untyped                  ;
; WIDTH_ECCSTATUS                    ; 3                    ; Untyped                  ;
; DEVICE_FAMILY                      ; Cyclone II           ; Untyped                  ;
; CBXI_PARAMETER                     ; altsyncram_ujd1      ; Untyped                  ;
+------------------------------------+----------------------+--------------------------+
Note: In order to hide this table in the UI and the text report file, please set the "Show Parameter Settings in Synthesis Report" option in "Analysis and Synthesis Settings -> More Settings" to "Off".


+-------------------------------------------------------------------------------------+
; altsyncram Parameter Settings by Entity Instance                                    ;
+-------------------------------------------+-----------------------------------------+
; Name                                      ; Value                                   ;
+-------------------------------------------+-----------------------------------------+
; Number of entity instances                ; 2                                       ;
; Entity Instance                           ; ram:r|altsyncram:altsyncram_component   ;
;     -- OPERATION_MODE                     ; SINGLE_PORT                             ;
;     -- WIDTH_A                            ; 19                                      ;
;     -- NUMWORDS_A                         ; 64                                      ;
;     -- OUTDATA_REG_A                      ; UNREGISTERED                            ;
;     -- WIDTH_B                            ; 1                                       ;
;     -- NUMWORDS_B                         ; 1                                       ;
;     -- ADDRESS_REG_B                      ; CLOCK1                                  ;
;     -- OUTDATA_REG_B                      ; UNREGISTERED                            ;
;     -- RAM_BLOCK_TYPE                     ; AUTO                                    ;
;     -- READ_DURING_WRITE_MODE_MIXED_PORTS ; DONT_CARE                               ;
; Entity Instance                           ; ram:r_2|altsyncram:altsyncram_component ;
;     -- OPERATION_MODE                     ; SINGLE_PORT                             ;
;     -- WIDTH_A                            ; 19                                      ;
;     -- NUMWORDS_A                         ; 64                                      ;
;     -- OUTDATA_REG_A                      ; UNREGISTERED                            ;
;     -- WIDTH_B                            ; 1                                       ;
;     -- NUMWORDS_B                         ; 1                                       ;
;     -- ADDRESS_REG_B                      ; CLOCK1                                  ;
;     -- OUTDATA_REG_B                      ; UNREGISTERED                            ;
;     -- RAM_BLOCK_TYPE                     ; AUTO                                    ;
;     -- READ_DURING_WRITE_MODE_MIXED_PORTS ; DONT_CARE                               ;
+-------------------------------------------+-----------------------------------------+


+------------------------------------------------+
; Port Connectivity Checks: "hex_decoder:H3"     ;
+--------------+-------+----------+--------------+
; Port         ; Type  ; Severity ; Details      ;
+--------------+-------+----------+--------------+
; hex_digit[3] ; Input ; Info     ; Stuck at VCC ;
+--------------+-------+----------+--------------+


+----------------------------------------------------------------------------------------------------------------------------------------------------------------------------------------------------------------+
; Port Connectivity Checks: "ram:r_2"                                                                                                                                                                            ;
+---------+--------+----------+----------------------------------------------------------------------------------------------------------------------------------------------------------------------------------+
; Port    ; Type   ; Severity ; Details                                                                                                                                                                          ;
+---------+--------+----------+----------------------------------------------------------------------------------------------------------------------------------------------------------------------------------+
; address ; Input  ; Warning  ; Input port expression (7 bits) is wider than the input port (6 bits) it drives.  The 1 most-significant bit(s) in the expression will be dangling if they have no other fanouts. ;
; wren    ; Input  ; Info     ; Stuck at GND                                                                                                                                                                     ;
; q[2..0] ; Output ; Info     ; Connected to dangling logic. Logic that only feeds a dangling port will be removed.                                                                                              ;
+---------+--------+----------+----------------------------------------------------------------------------------------------------------------------------------------------------------------------------------+


+----------------------------------------------------------------------------------------------------------------------------------------------------------------------------------------------------------------+
; Port Connectivity Checks: "ram:r"                                                                                                                                                                              ;
+---------+--------+----------+----------------------------------------------------------------------------------------------------------------------------------------------------------------------------------+
; Port    ; Type   ; Severity ; Details                                                                                                                                                                          ;
+---------+--------+----------+----------------------------------------------------------------------------------------------------------------------------------------------------------------------------------+
; address ; Input  ; Warning  ; Input port expression (7 bits) is wider than the input port (6 bits) it drives.  The 1 most-significant bit(s) in the expression will be dangling if they have no other fanouts. ;
; data[0] ; Input  ; Info     ; Stuck at GND                                                                                                                                                                     ;
; q[0]    ; Output ; Info     ; Connected to dangling logic. Logic that only feeds a dangling port will be removed.                                                                                              ;
+---------+--------+----------+----------------------------------------------------------------------------------------------------------------------------------------------------------------------------------+


+----------------------------------------------------------------------------------------------------------------------------------------------------------------------------------------------------+
; Port Connectivity Checks: "fsm:f|control:c0"                                                                                                                                                       ;
+--------+--------+----------+-----------------------------------------------------------------------------------------------------------------------------------------------------------------------+
; Port   ; Type   ; Severity ; Details                                                                                                                                                               ;
+--------+--------+----------+-----------------------------------------------------------------------------------------------------------------------------------------------------------------------+
; player ; Output ; Warning  ; Output or bidir port (2 bits) is smaller than the port expression (3 bits) it drives.  The 1 most-significant bit(s) in the port expression will be connected to GND. ;
+--------+--------+----------+-----------------------------------------------------------------------------------------------------------------------------------------------------------------------+


+--------------------------------------------------------------------------------------------------------------------------------------------------------------------------------------------------------------+
; Port Connectivity Checks: "fsm:f|datapath:d0"                                                                                                                                                                ;
+--------+-------+----------+----------------------------------------------------------------------------------------------------------------------------------------------------------------------------------+
; Port   ; Type  ; Severity ; Details                                                                                                                                                                          ;
+--------+-------+----------+----------------------------------------------------------------------------------------------------------------------------------------------------------------------------------+
; player ; Input ; Warning  ; Input port expression (3 bits) is wider than the input port (2 bits) it drives.  The 1 most-significant bit(s) in the expression will be dangling if they have no other fanouts. ;
+--------+-------+----------+----------------------------------------------------------------------------------------------------------------------------------------------------------------------------------+


+------------------------------------------------------------------------------------------------------------------------------------------------------------------------------------------------------------------+
; Port Connectivity Checks: "fsm:f"                                                                                                                                                                                ;
+--------------------+--------+----------+-------------------------------------------------------------------------------------------------------------------------------------------------------------------------+
; Port               ; Type   ; Severity ; Details                                                                                                                                                                 ;
+--------------------+--------+----------+-------------------------------------------------------------------------------------------------------------------------------------------------------------------------+
; write_to_ram       ; Output ; Warning  ; Output or bidir port (9 bits) is smaller than the port expression (19 bits) it drives.  The 10 most-significant bit(s) in the port expression will be connected to GND. ;
; write_to_ram[8..0] ; Output ; Info     ; Connected to dangling logic. Logic that only feeds a dangling port will be removed.                                                                                     ;
+--------------------+--------+----------+-------------------------------------------------------------------------------------------------------------------------------------------------------------------------+


+-------------------------------+
; Elapsed Time Per Partition    ;
+----------------+--------------+
; Partition Name ; Elapsed Time ;
+----------------+--------------+
; Top            ; 00:00:01     ;
+----------------+--------------+


+-------------------------------+
; Analysis & Synthesis Messages ;
+-------------------------------+
Info: *******************************************************************
Info: Running Quartus II 64-Bit Analysis & Synthesis
    Info: Version 13.0.0 Build 156 04/24/2013 SJ Web Edition
    Info: Processing started: Wed Nov 29 21:34:07 2017
Info: Command: quartus_map --read_settings_files=on --write_settings_files=off gpio -c gpio
Warning (20028): Parallel compilation is not licensed and has been disabled
Info (12021): Found 1 design units, including 1 entities, in source file fsm.v
    Info (12023): Found entity 1: fsm
Info (12021): Found 1 design units, including 1 entities, in source file datapath.v
    Info (12023): Found entity 1: datapath
Info (12021): Found 1 design units, including 1 entities, in source file control.v
    Info (12023): Found entity 1: control
Info (12021): Found 2 design units, including 2 entities, in source file gpio.v
    Info (12023): Found entity 1: gpio
    Info (12023): Found entity 2: hex_decoder
Info (12021): Found 1 design units, including 1 entities, in source file ram.v
    Info (12023): Found entity 1: ram
Info (12127): Elaborating entity "gpio" for the top level hierarchy
Warning (10858): Verilog HDL warning at gpio.v(32): object led10 used but never assigned
Warning (10858): Verilog HDL warning at gpio.v(33): object led11 used but never assigned
Warning (10235): Verilog HDL Always Construct warning at gpio.v(121): variable "rest_b" is read inside the Always Construct but isn't in the Always Construct's Event Control
Warning (10235): Verilog HDL Always Construct warning at gpio.v(124): variable "data_out_2" is read inside the Always Construct but isn't in the Always Construct's Event Control
Warning (10235): Verilog HDL Always Construct warning at gpio.v(129): variable "address" is read inside the Always Construct but isn't in the Always Construct's Event Control
Warning (10235): Verilog HDL Always Construct warning at gpio.v(129): variable "col_out" is read inside the Always Construct but isn't in the Always Construct's Event Control
Warning (10235): Verilog HDL Always Construct warning at gpio.v(132): variable "data_out_2" is read inside the Always Construct but isn't in the Always Construct's Event Control
Warning (10235): Verilog HDL Always Construct warning at gpio.v(133): variable "player_out" is read inside the Always Construct but isn't in the Always Construct's Event Control
Warning (10235): Verilog HDL Always Construct warning at gpio.v(138): variable "data_out_2" is read inside the Always Construct but isn't in the Always Construct's Event Control
Warning (10030): Net "led10" at gpio.v(32) has no driver or initial value, using a default initial value '0'
Warning (10030): Net "led11" at gpio.v(33) has no driver or initial value, using a default initial value '0'
Warning (10034): Output port "LEDR[9]" at gpio.v(6) has no driver
Warning (10034): Output port "LEDG[0]" at gpio.v(7) has no driver
Warning (10034): Output port "GPIO_0[26..25]" at gpio.v(8) has no driver
Warning (10034): Output port "GPIO_0[23]" at gpio.v(8) has no driver
Warning (10034): Output port "GPIO_0[21]" at gpio.v(8) has no driver
Warning (10034): Output port "GPIO_0[19]" at gpio.v(8) has no driver
Warning (10034): Output port "GPIO_0[17]" at gpio.v(8) has no driver
Warning (10034): Output port "GPIO_0[15]" at gpio.v(8) has no driver
Warning (10034): Output port "GPIO_0[13]" at gpio.v(8) has no driver
Warning (10034): Output port "GPIO_0[11]" at gpio.v(8) has no driver
Warning (10034): Output port "GPIO_0[9..7]" at gpio.v(8) has no driver
Warning (10034): Output port "GPIO_0[5]" at gpio.v(8) has no driver
Warning (10034): Output port "GPIO_0[3]" at gpio.v(8) has no driver
Warning (10034): Output port "GPIO_0[1]" at gpio.v(8) has no driver
Warning (10034): Output port "GPIO_1[26..25]" at gpio.v(8) has no driver
Warning (10034): Output port "GPIO_1[23]" at gpio.v(8) has no driver
Warning (10034): Output port "GPIO_1[21]" at gpio.v(8) has no driver
Warning (10034): Output port "GPIO_1[19]" at gpio.v(8) has no driver
Warning (10034): Output port "GPIO_1[17]" at gpio.v(8) has no driver
Warning (10034): Output port "GPIO_1[15]" at gpio.v(8) has no driver
Warning (10034): Output port "GPIO_1[13]" at gpio.v(8) has no driver
Warning (10034): Output port "GPIO_1[11]" at gpio.v(8) has no driver
Warning (10034): Output port "GPIO_1[9..7]" at gpio.v(8) has no driver
Warning (10034): Output port "GPIO_1[5]" at gpio.v(8) has no driver
Warning (10034): Output port "GPIO_1[3]" at gpio.v(8) has no driver
Warning (10034): Output port "GPIO_1[1]" at gpio.v(8) has no driver
Warning (10034): Output port "HEX6" at gpio.v(9) has no driver
Warning (10034): Output port "HEX7" at gpio.v(10) has no driver
Info (12128): Elaborating entity "fsm" for hierarchy "fsm:f"
Warning (10230): Verilog HDL assignment warning at fsm.v(21): truncated value with size 3 to match size of target (2)
Info (12128): Elaborating entity "datapath" for hierarchy "fsm:f|datapath:d0"
Warning (10230): Verilog HDL assignment warning at datapath.v(39): truncated value with size 11 to match size of target (9)
Info (10264): Verilog HDL Case Statement information at datapath.v(56): all case item expressions in this case statement are onehot
Info (10264): Verilog HDL Case Statement information at datapath.v(128): all case item expressions in this case statement are onehot
Info (12128): Elaborating entity "control" for hierarchy "fsm:f|control:c0"
Warning (10230): Verilog HDL assignment warning at control.v(45): truncated value with size 3 to match size of target (2)
Info (12128): Elaborating entity "ram" for hierarchy "ram:r"
Info (12128): Elaborating entity "altsyncram" for hierarchy "ram:r|altsyncram:altsyncram_component"
Info (12130): Elaborated megafunction instantiation "ram:r|altsyncram:altsyncram_component"
Info (12133): Instantiated megafunction "ram:r|altsyncram:altsyncram_component" with the following parameter:
    Info (12134): Parameter "clock_enable_input_a" = "BYPASS"
    Info (12134): Parameter "clock_enable_output_a" = "BYPASS"
    Info (12134): Parameter "init_file" = "../gpio/bicolor.mif"
    Info (12134): Parameter "intended_device_family" = "Cyclone II"
    Info (12134): Parameter "lpm_hint" = "ENABLE_RUNTIME_MOD=NO"
    Info (12134): Parameter "lpm_type" = "altsyncram"
    Info (12134): Parameter "numwords_a" = "64"
    Info (12134): Parameter "operation_mode" = "SINGLE_PORT"
    Info (12134): Parameter "outdata_aclr_a" = "NONE"
    Info (12134): Parameter "outdata_reg_a" = "UNREGISTERED"
    Info (12134): Parameter "power_up_uninitialized" = "FALSE"
    Info (12134): Parameter "widthad_a" = "6"
    Info (12134): Parameter "width_a" = "19"
    Info (12134): Parameter "width_byteena_a" = "1"
Info (12021): Found 1 design units, including 1 entities, in source file db/altsyncram_ujd1.tdf
    Info (12023): Found entity 1: altsyncram_ujd1
Info (12128): Elaborating entity "altsyncram_ujd1" for hierarchy "ram:r|altsyncram:altsyncram_component|altsyncram_ujd1:auto_generated"
Info (12128): Elaborating entity "hex_decoder" for hierarchy "hex_decoder:H0"
Warning (12011): Net is missing source, defaulting to GND
    Warning (12110): Net "fsm:f|player[2]" is missing source, defaulting to GND
Warning (14284): Synthesized away the following node(s):
    Warning (14285): Synthesized away the following RAM node(s):
        Warning (14320): Synthesized away node "ram:r_2|altsyncram:altsyncram_component|altsyncram_ujd1:auto_generated|q_a[0]"
        Warning (14320): Synthesized away node "ram:r_2|altsyncram:altsyncram_component|altsyncram_ujd1:auto_generated|q_a[1]"
        Warning (14320): Synthesized away node "ram:r_2|altsyncram:altsyncram_component|altsyncram_ujd1:auto_generated|q_a[2]"
        Warning (14320): Synthesized away node "ram:r|altsyncram:altsyncram_component|altsyncram_ujd1:auto_generated|q_a[0]"
Warning (12241): 5 hierarchies have connectivity warnings - see the Connectivity Checks report folder
Warning (13024): Output pins are stuck at VCC or GND
    Warning (13410): Pin "LEDR[9]" is stuck at GND
    Warning (13410): Pin "LEDR[10]" is stuck at GND
    Warning (13410): Pin "LEDR[11]" is stuck at GND
    Warning (13410): Pin "LEDG[0]" is stuck at GND
    Warning (13410): Pin "GPIO_0[1]" is stuck at GND
    Warning (13410): Pin "GPIO_0[3]" is stuck at GND
    Warning (13410): Pin "GPIO_0[5]" is stuck at GND
    Warning (13410): Pin "GPIO_0[7]" is stuck at GND
    Warning (13410): Pin "GPIO_0[8]" is stuck at GND
    Warning (13410): Pin "GPIO_0[9]" is stuck at GND
    Warning (13410): Pin "GPIO_0[11]" is stuck at GND
    Warning (13410): Pin "GPIO_0[13]" is stuck at GND
    Warning (13410): Pin "GPIO_0[15]" is stuck at GND
    Warning (13410): Pin "GPIO_0[17]" is stuck at GND
    Warning (13410): Pin "GPIO_0[19]" is stuck at GND
    Warning (13410): Pin "GPIO_0[21]" is stuck at GND
    Warning (13410): Pin "GPIO_0[23]" is stuck at GND
    Warning (13410): Pin "GPIO_0[25]" is stuck at GND
    Warning (13410): Pin "GPIO_0[26]" is stuck at GND
    Warning (13410): Pin "GPIO_1[1]" is stuck at GND
    Warning (13410): Pin "GPIO_1[3]" is stuck at GND
    Warning (13410): Pin "GPIO_1[5]" is stuck at GND
    Warning (13410): Pin "GPIO_1[7]" is stuck at GND
    Warning (13410): Pin "GPIO_1[8]" is stuck at GND
    Warning (13410): Pin "GPIO_1[9]" is stuck at GND
    Warning (13410): Pin "GPIO_1[11]" is stuck at GND
    Warning (13410): Pin "GPIO_1[13]" is stuck at GND
    Warning (13410): Pin "GPIO_1[15]" is stuck at GND
    Warning (13410): Pin "GPIO_1[17]" is stuck at GND
    Warning (13410): Pin "GPIO_1[19]" is stuck at GND
    Warning (13410): Pin "GPIO_1[21]" is stuck at GND
    Warning (13410): Pin "GPIO_1[23]" is stuck at GND
    Warning (13410): Pin "GPIO_1[25]" is stuck at GND
    Warning (13410): Pin "GPIO_1[26]" is stuck at GND
    Warning (13410): Pin "HEX6[0]" is stuck at GND
    Warning (13410): Pin "HEX6[1]" is stuck at GND
    Warning (13410): Pin "HEX6[2]" is stuck at GND
    Warning (13410): Pin "HEX6[3]" is stuck at GND
    Warning (13410): Pin "HEX6[4]" is stuck at GND
    Warning (13410): Pin "HEX6[5]" is stuck at GND
    Warning (13410): Pin "HEX6[6]" is stuck at GND
    Warning (13410): Pin "HEX7[0]" is stuck at GND
    Warning (13410): Pin "HEX7[1]" is stuck at GND
    Warning (13410): Pin "HEX7[2]" is stuck at GND
    Warning (13410): Pin "HEX7[3]" is stuck at GND
    Warning (13410): Pin "HEX7[4]" is stuck at GND
    Warning (13410): Pin "HEX7[5]" is stuck at GND
    Warning (13410): Pin "HEX7[6]" is stuck at GND
Info (17049): 3 registers lost all their fanouts during netlist optimizations.
Info (144001): Generated suppressed messages file C:/Users/dell/Documents/CSC258/cyclone2/Connet4-BiColor-Led-Matrix-FPGA-b49b7a32b25648afd2df55e13026f13d705f79f4-b49b7a32b25648afd2df55e13026f13d705f79f4/output_files/gpio.map.smsg
Info (16010): Generating hard_block partition "hard_block:auto_generated_inst"
    Info (16011): Adding 0 node(s), including 0 DDIO, 0 PLL, 0 transceiver and 0 LCELL
Warning (21074): Design contains 3 input pin(s) that do not drive logic
    Warning (15610): No output dependent on input pin "SW[8]"
    Warning (15610): No output dependent on input pin "SW[9]"
    Warning (15610): No output dependent on input pin "KEY[3]"
Info (21057): Implemented 431 device resources after synthesis - the final resource count might be different
    Info (21058): Implemented 15 input pins
    Info (21059): Implemented 111 output pins
    Info (21061): Implemented 271 logic cells
    Info (21064): Implemented 34 RAM segments
Info: Quartus II 64-Bit Analysis & Synthesis was successful. 0 errors, 105 warnings
    Info: Peak virtual memory: 549 megabytes
    Info: Processing ended: Wed Nov 29 21:34:10 2017
    Info: Elapsed time: 00:00:03
    Info: Total CPU time (on all processors): 00:00:03


+------------------------------------------+
; Analysis & Synthesis Suppressed Messages ;
+------------------------------------------+
The suppressed messages can be found in C:/Users/dell/Documents/CSC258/cyclone2/Connet4-BiColor-Led-Matrix-FPGA-b49b7a32b25648afd2df55e13026f13d705f79f4-b49b7a32b25648afd2df55e13026f13d705f79f4/output_files/gpio.map.smsg.


